iMPACT Version: 12.1

iMPACT log file Started on Tue Jan 31 17:04:04 2012

Welcome to iMPACT
iMPACT Version: 12.1
// *** BATCH CMD : setMode -bs
GUI --- Auto connect to cable...
// *** BATCH CMD : setCable -port auto
AutoDetecting cable. Please wait.
PROGRESS_START - Starting Operation.
Reusing A001000A key.
Reusing 2401000A key.
 OS platform = i686.
Connecting to cable (Usb Port - USB21).
Checking cable driver.
File version of/afs/kip.uni-heidelberg.de/cad/products/linux/xilinx/xilinx12.1/ISE/bin/lin/xusbdfwu.hex = 1030.
File version of /usr/share/xusbdfwu.hex = 1030.
 Using libusb.
 Kernel release = 2.6.32-25-generic.
 Max current requested during enumeration is 300 mA.
Type = 0x0005.
 Cable Type = 3, Revision = 0.
 Setting cable speed to 6 MHz.
Cable connection established.
Firmware version = 2401.
File version of/afs/kip.uni-heidelberg.de/cad/products/linux/xilinx/xilinx12.1/ISE/data/xusb_xp2.hex = 2401.
Firmware hex file version = 2401.
PLD file version = 200Dh.
 PLD version = 200Dh.
PROGRESS_END - End Operation.
Elapsed time =      1 sec.
Type = 0x0005.
ESN option: 0000149D143C01.
Attempting to identify devices in the boundary-scan chain configuration...
INFO:iMPACT - Current time: Tue Jan 31 17:04:12 2012
// *** BATCH CMD : Identify -inferir 
PROGRESS_START - Starting Operation.
Identifying chain contents...'0': : Manufacturer's ID = Xilinx xc2c64a, Version : 0
INFO:iMPACT:1777 - 
   Reading   /afs/kip.uni-heidelberg.de/cad/products/linux/xilinx/xilinx12.1/ISE/xbr/data/   xc2c64a.bsd...
INFO:iMPACT:501 - '1': Added Device xc2c64a successfully.
----------------------------------------------------------------------
done.
PROGRESS_END - End Operation.
Elapsed time =      0 sec.
// *** BATCH CMD : identifyMPM 
// *** BATCH CMD : assignFile -p 1 -file"/home/agruebl/project/HICANN-system/CPLD/IboardCPLD.jed"
'1': Loading file '/home/agruebl/project/HICANN-system/CPLD/IboardCPLD.jed' ...
done.
INFO:iMPACT:501 - '1': Added Device xc2c64a successfully.
----------------------------------------------------------------------
INFO:iMPACT - Current time: Tue Jan 31 17:07:41 2012
// *** BATCH CMD : Program -p 1 -e -v 
Maximum TCK operating frequency for this device chain: 33000000.
Validating chain...
Boundary-scan chain validated successfully.
'1': Erasing device...
PROGRESS_START - Starting Operation.
'1': Erasure completed successfully.
'1': Programming device...
done.
'1': Verifying device...
done.
'1': Setting ISC done bits...done
'1': Programming completed successfully.
PROGRESS_END - End Operation.
Elapsed time =      2 sec.
Cable is not connected.
