Release 12.1 - xst M.53d (lin)
Copyright (c) 1995-2010 Xilinx, Inc.  All rights reserved.
--> 
Parameter TMPDIR set to xst/projnav.tmp


Total REAL time to Xst completion: 0.00 secs
Total CPU time to Xst completion: 0.10 secs
 
--> 
Parameter xsthdpdir set to xst


Total REAL time to Xst completion: 0.00 secs
Total CPU time to Xst completion: 0.10 secs
 
--> 
Reading design: IboardCPLD.prj

TABLE OF CONTENTS
  1) Synthesis Options Summary
  2) HDL Compilation
  3) Design Hierarchy Analysis
  4) HDL Analysis
  5) HDL Synthesis
     5.1) HDL Synthesis Report
  6) Advanced HDL Synthesis
     6.1) Advanced HDL Synthesis Report
  7) Low Level Synthesis
  8) Partition Report
  9) Final Report

=========================================================================
*                      Synthesis Options Summary                        *
=========================================================================
---- Source Parameters
Input File Name                    : "IboardCPLD.prj"
Input Format                       : mixed
Ignore Synthesis Constraint File   : NO

---- Target Parameters
Output File Name                   : "IboardCPLD"
Output Format                      : NGC
Target Device                      : CoolRunner2 CPLDs

---- Source Options
Top Module Name                    : IboardCPLD
Automatic FSM Extraction           : YES
FSM Encoding Algorithm             : One-Hot
Safe Implementation                : No
CASE Implementation Style          : Parallel
Mux Extraction                     : YES
Resource Sharing                   : YES

---- Target Options
Add IO Buffers                     : YES
MACRO Preserve                     : YES
XOR Preserve                       : YES
Equivalent register Removal        : YES

---- General Options
Optimization Goal                  : Speed
Optimization Effort                : 2
Library Search Order               : IboardCPLD.lso
Keep Hierarchy                     : YES
Netlist Hierarchy                  : as_optimized
RTL Output                         : Yes
Hierarchy Separator                : /
Bus Delimiter                      : <>
Case Specifier                     : maintain
Verilog 2001                       : YES

---- Other Options
Clock Enable                       : YES
wysiwyg                            : NO

=========================================================================

Setting FSM Encoding Algorithm to : ONE


=========================================================================
*                          HDL Compilation                              *
=========================================================================
Compiling verilog file "IboardCPLD.v" in library work
Module <IboardCPLD> compiled
No errors in compilation
Analysis of file <"IboardCPLD.prj"> succeeded.
 

=========================================================================
*                     Design Hierarchy Analysis                         *
=========================================================================
Analyzing hierarchy for module <IboardCPLD> in library <work>.


=========================================================================
*                            HDL Analysis                               *
=========================================================================
Analyzing top module <IboardCPLD>.
WARNING:Xst:863 - "IboardCPLD.v" line 22: Name conflict (<clk> and <CLK>, renaming clk as clk_rnm0).
Module <IboardCPLD> is correct for synthesis.
 

=========================================================================
*                           HDL Synthesis                               *
=========================================================================

Performing bidirectional port resolution...

Synthesizing Unit <IboardCPLD>.
    Related source file is "IboardCPLD.v".
    Found 9-bit up counter for signal <count>.
    Found 1-bit register for signal <running>.
    Found 1-bit register for signal <running1>.
    Summary:
	inferred   1 Counter(s).
	inferred   2 D-type flip-flop(s).
Unit <IboardCPLD> synthesized.


=========================================================================
HDL Synthesis Report

Macro Statistics
# Counters                                             : 1
 9-bit up counter                                      : 1
# Registers                                            : 2
 1-bit register                                        : 2

=========================================================================

=========================================================================
*                       Advanced HDL Synthesis                          *
=========================================================================


=========================================================================
Advanced HDL Synthesis Report

Macro Statistics
# Counters                                             : 1
 9-bit up counter                                      : 1
# Registers                                            : 2
 Flip-Flops                                            : 2

=========================================================================

=========================================================================
*                         Low Level Synthesis                           *
=========================================================================

Optimizing unit <IboardCPLD> ...

=========================================================================
*                           Partition Report                            *
=========================================================================

Partition Implementation Status
-------------------------------

  No Partitions were found in this design.

-------------------------------

=========================================================================
*                            Final Report                               *
=========================================================================
Final Results
RTL Top Level Output File Name     : IboardCPLD.ngr
Top Level Output File Name         : IboardCPLD
Output Format                      : NGC
Optimization Goal                  : Speed
Keep Hierarchy                     : YES
Target Technology                  : CoolRunner2 CPLDs
Macro Preserve                     : YES
XOR Preserve                       : YES
Clock Enable                       : YES
wysiwyg                            : NO

Design Statistics
# IOs                              : 17

Cell Usage :
# BELS                             : 21
#      AND2                        : 8
#      INV                         : 4
#      OR2                         : 1
#      XOR2                        : 8
# FlipFlops/Latches                : 11
#      FDC                         : 2
#      FDCE                        : 9
# Clock Buffers                    : 2
#      BUFG                        : 2
# IO Buffers                       : 15
#      IBUF                        : 5
#      OBUF                        : 10
=========================================================================


Total REAL time to Xst completion: 4.00 secs
Total CPU time to Xst completion: 2.36 secs
 
--> 


Total memory usage is 141756 kilobytes

Number of errors   :    0 (   0 filtered)
Number of warnings :    1 (   0 filtered)
Number of infos    :    0 (   0 filtered)

